<?xml version="1.0" encoding="UTF-8"?>
<!-- Generated by org.testng.reporters.JUnitXMLReporter -->
<testsuite hostname="ADMINIB-67H2G5B" name="Regression1" tests="2" failures="1" timestamp="19 Mar 2015 20:23:25 GMT" time="0.082" errors="0">
  <testcase name="FacebookConnect" time="0.032" classname="social.connector.test.FacebookConnectionTest"/>
  <testcase name="testGetPosts" time="0.0" classname="social.connector.test.FacebookConnectionTest">
    <failure type="java.lang.IllegalStateException" message="Authentication credentials are missing.">
      <![CDATA[java.lang.IllegalStateException: Authentication credentials are missing.
	at facebook4j.FacebookBaseImpl.ensureAuthorizationEnabled(FacebookBaseImpl.java:154)
	at facebook4j.FacebookImpl.getPosts(FacebookImpl.java:754)
	at facebook4j.FacebookImpl.getPosts(FacebookImpl.java:745)
	at social.connector.FacebookConnector.getPosts(FacebookConnector.java:47)
	at social.connector.test.FacebookConnectionTest.testGetPosts(FacebookConnectionTest.java:26)
... Removed 24 stack frames]]>
    </failure>
  </testcase> <!-- testGetPosts -->
</testsuite> <!-- Regression1 -->
