<?xml version="1.0" encoding="UTF-8"?>
<testng-results skipped="0" failed="0" total="2" passed="2">
  <reporter-output>
  </reporter-output>
  <suite name="Default suite" duration-ms="2110" started-at="2015-03-23T15:15:25Z" finished-at="2015-03-23T15:15:27Z">
    <groups>
    </groups>
    <test name="Default test" duration-ms="2110" started-at="2015-03-23T15:15:25Z" finished-at="2015-03-23T15:15:27Z">
      <class name="social.connector.test.FacebookConnectionTest">
        <test-method status="PASS" signature="FacebookConnect()[pri:0, instance:social.connector.test.FacebookConnectionTest@5ef4f91d]" name="FacebookConnect" duration-ms="32" started-at="2015-03-23T10:15:25Z" finished-at="2015-03-23T10:15:25Z">
          <reporter-output>
          </reporter-output>
        </test-method> <!-- FacebookConnect -->
        <test-method status="PASS" signature="testGetPosts()[pri:0, instance:social.connector.test.FacebookConnectionTest@5ef4f91d]" name="testGetPosts" duration-ms="2038" started-at="2015-03-23T10:15:25Z" finished-at="2015-03-23T10:15:27Z">
          <reporter-output>
          </reporter-output>
        </test-method> <!-- testGetPosts -->
      </class> <!-- social.connector.test.FacebookConnectionTest -->
    </test> <!-- Default test -->
  </suite> <!-- Default suite -->
</testng-results>
